app/build/outputs/mapping/release/seeds.txt
com.codexlabs.auroratv.ui.MainViewModel
com.codexlabs.auroratv.sync.SyncWorker
com.codexlabs.auroratv.data.AppDatabase_Impl
com.codexlabs.auroratv.player.PlayerActivity
com.codexlabs.auroratv.data.AppDatabase
com.codexlabs.auroratv.app.AuroraTvApplication
com.codexlabs.auroratv.ui.MainActivity
com.codexlabs.auroratv.data.LibrarySection: com.codexlabs.auroratv.data.LibrarySection valueOf(java.lang.String)
com.codexlabs.auroratv.data.TargetType: com.codexlabs.auroratv.data.TargetType valueOf(java.lang.String)
com.codexlabs.auroratv.data.BufferProfile: com.codexlabs.auroratv.data.BufferProfile valueOf(java.lang.String)
com.codexlabs.auroratv.data.PreferredPlayer: com.codexlabs.auroratv.data.PreferredPlayer valueOf(java.lang.String)
com.codexlabs.auroratv.data.TargetType: com.codexlabs.auroratv.data.TargetType[] values()
com.codexlabs.auroratv.sync.SyncWorker: SyncWorker(android.content.Context,androidx.work.WorkerParameters)
com.codexlabs.auroratv.data.BufferProfile: com.codexlabs.auroratv.data.BufferProfile[] values()
com.codexlabs.auroratv.player.PlayerActivity: PlayerActivity()
com.codexlabs.auroratv.data.AppDatabase_Impl: AppDatabase_Impl()
com.codexlabs.auroratv.data.LibrarySection: com.codexlabs.auroratv.data.LibrarySection[] values()
com.codexlabs.auroratv.app.AuroraTvApplication: AuroraTvApplication()
com.codexlabs.auroratv.data.AppDatabase: AppDatabase()
com.codexlabs.auroratv.ui.MainViewModel: MainViewModel(android.app.Application)
com.codexlabs.auroratv.ui.MainActivity: MainActivity()
com.codexlabs.auroratv.data.PreferredPlayer: com.codexlabs.auroratv.data.PreferredPlayer[] values()
...
androidx.compose.ui.platform.AndroidComposeView: androidx.compose.ui.platform.SoftwareKeyboardController getSoftwareKeyboardController()
androidx.core.view.WindowInsetsCompat$BuilderImpl36: WindowInsetsCompat$BuilderImpl36()
androidx.core.view.WindowInsetsCompat$Impl28: androidx.core.view.DisplayCutoutCompat getDisplayCutout()
androidx.core.view.WindowInsetsCompat$Impl20: java.util.List getBoundingRects(android.graphics.Rect[][],int)
androidx.compose.ui.platform.AndroidComposeView: androidx.compose.ui.unit.Density getDensity()
androidx.compose.ui.platform.AndroidComposeView: androidx.compose.ui.focus.FocusOwner getFocusOwner()
androidx.lifecycle.EmptyActivityLifecycleCallbacks: void onActivityDestroyed(android.app.Activity)
androidx.compose.ui.viewinterop.AndroidViewHolder: kotlin.jvm.functions.Function1 getOnRequestDisallowInterceptTouchEvent$ui()
androidx.compose.ui.platform.AbstractComposeView: void setTransitionGroup(boolean)
androidx.core.view.WindowInsetsCompat$Impl34: WindowInsetsCompat$Impl34(androidx.core.view.WindowInsetsCompat,android.view.WindowInsets)
android.support.v4.media.MediaDescriptionCompat$Api21Impl: java.lang.String getMediaId(android.media.MediaDescription)
androidx.lifecycle.EmptyActivityLifecycleCallbacks: void onActivityPaused(android.app.Activity)
androidx.core.view.WindowInsetsCompat$Impl: java.util.List getBoundingRectsIgnoringVisibility(int)
androidx.lifecycle.LifecycleDispatcher$DispatcherActivityCallback: LifecycleDispatcher$DispatcherActivityCallback()
androidx.compose.ui.viewinterop.ViewFactoryHolder: void setUpdateBlock(kotlin.jvm.functions.Function1)
androidx.datastore.preferences.protobuf.FieldType$Collection: androidx.datastore.preferences.protobuf.FieldType$Collection valueOf(java.lang.String)
androidx.work.WorkManagerInitializer: WorkManagerInitializer()
androidx.recyclerview.widget.RecyclerView: androidx.recyclerview.widget.RecyclerView$OnFlingListener getOnFlingListener()
androidx.compose.ui.platform.AbstractComposeView: void setParentCompositionContext(androidx.compose.runtime.CompositionContext)
kotlin.coroutines.intrinsics.CoroutineSingletons: kotlin.coroutines.intrinsics.CoroutineSingletons valueOf(java.lang.String)
coil3.request.CachePolicy: coil3.request.CachePolicy[] values()
androidx.window.area.reflectionguard.ExtensionWindowAreaStatusRequirements: int getWindowAreaStatus()
kotlinx.coroutines.channels.BufferOverflow: kotlinx.coroutines.channels.BufferOverflow[] values()
androidx.core.app.RemoteActionCompatParcelizer: androidx.core.app.RemoteActionCompat read(androidx.versionedparcelable.VersionedParcel)
androidx.media3.exoplayer.video.spherical.SphericalGLSurfaceView: void setDefaultStereoMode(int)
androidx.recyclerview.widget.StaggeredGridLayoutManager: StaggeredGridLayoutManager(android.content.Context,android.util.AttributeSet,int,int)
androidx.media3.ui.DefaultTimeBar: void setScrubberColor(int)
androidx.core.view.WindowInsetsCompat$BuilderImpl: void initTypeBoundingRects(androidx.core.view.WindowInsetsCompat)
androidx.compose.foundation.text.selection.CrossStatus: androidx.compose.foundation.text.selection.CrossStatus[] values()
androidx.media3.exoplayer.video.spherical.SphericalGLSurfaceView: androidx.media3.exoplayer.video.spherical.CameraMotionListener getCameraMotionListener()
androidx.compose.ui.platform.ViewLayer: void setFrameRateFromParent(boolean)
androidx.profileinstaller.ProfileInstallReceiver: ProfileInstallReceiver()
androidx.core.view.WindowInsetsCompat$Impl: void setStableInsets(androidx.core.graphics.Insets)
androidx.compose.foundation.layout.Direction: androidx.compose.foundation.layout.Direction valueOf(java.lang.String)
androidx.media3.ui.PlayerControlView: int getShowTimeoutMs()
androidx.vectordrawable.graphics.drawable.VectorDrawableCompat$VGroup: void setScaleX(float)
androidx.compose.ui.viewinterop.ViewFactoryHolder: androidx.compose.ui.input.nestedscroll.NestedScrollDispatcher getDispatcher()